Prelude Test.QuickCheck> quickCheck (\t -> collect (size t `div` 10) (propiedadTeo t))
+++ OK, passed 100 tests:
33% 0
14% 2
13% 3
12% 1
 7% 6
 7% 4
 5% 8
 5% 5
 4% 7
Prelude Test.QuickCheck> quickCheck (\xs xy -> collect (length xs `div` 10) (propiedadLema xs xy))
+++ OK, passed 100 tests:
40% 0
15% 1
12% 2
 9% 5
 7% 3
 6% 4
 5% 6
 3% 8
 3% 7
Prelude Test.QuickCheck> quickCheck (\t -> collect (size t `div` 10) (propiedadA t))
+++ OK, passed 100 tests:
31% 0
16% 1
14% 3
13% 2
11% 4
 6% 5
 5% 6
 3% 7
 1% 8
Prelude Test.QuickCheck> quickCheck (\t -> collect (size t `div` 10) (propiedadB t))
+++ OK, passed 100 tests:
33% 0
15% 2
14% 1
12% 3
 9% 4
 7% 5
 5% 6
 4% 7
 1% 8
Prelude Test.QuickCheck> quickCheck (\t -> collect (size t `div` 10) (propiedadC t))
+++ OK, passed 100 tests:
34% 0
17% 1
11% 3
11% 2
10% 5
 8% 4
 4% 7
 3% 6
 1% 9
 1% 8
